<?xml version="1.0" encoding="UTF-8"?>
<!-- Generated by org.testng.reporters.JUnitReportReporter -->
<testsuite hostname="ThejuIdepaPad" failures="0" tests="6" name="testscript.LoginTest" time="128.226" errors="0" timestamp="2025-12-19T20:54:43 IST" skipped="0">
  <testcase classname="testscript.LoginTest" name="verifyLoginwithValidCredentials" time="20.818"/>
  <testcase classname="testscript.LoginTest" name="verifyLoginInvalidUsernameValidPassword" time="26.353"/>
  <testcase classname="testscript.LoginTest" name="verifyLoginValidUsernameInvalidPassword" time="22.719"/>
  <testcase classname="testscript.LoginTest" name="verifyLoginInvalidCredentials" time="26.275"/>
  <testcase classname="testscript.LoginTest" name="verifyLoginInvalidCredentials" time="14.298"/>
  <testcase classname="testscript.LoginTest" name="verifyLoginInvalidCredentials" time="17.763"/>
</testsuite> <!-- testscript.LoginTest -->
