<?xml version="1.0" encoding="UTF-8"?>
<!-- Generated by org.testng.reporters.JUnitReportReporter -->
<testsuite hostname="ThejuIdepaPad" failures="0" tests="6" name="testscript.LoginTest" time="29.284" errors="0" timestamp="2025-12-02T09:26:28 IST" skipped="0">
  <testcase classname="testscript.LoginTest" name="verifyLoginwithValidCredentials" time="5.628"/>
  <testcase classname="testscript.LoginTest" name="verifyLoginInvalidUsernameValidPassword" time="4.984"/>
  <testcase classname="testscript.LoginTest" name="verifyLoginValidUsernameInvalidPassword" time="4.847"/>
  <testcase classname="testscript.LoginTest" name="verifyLoginInvalidCredentials" time="4.969"/>
  <testcase classname="testscript.LoginTest" name="verifyLoginInvalidCredentials" time="4.261"/>
  <testcase classname="testscript.LoginTest" name="verifyLoginInvalidCredentials" time="4.595"/>
</testsuite> <!-- testscript.LoginTest -->
