<?xml version="1.0" encoding="UTF-8"?>
<!-- Generated by org.testng.reporters.JUnitReportReporter -->
<testsuite hostname="ThejuIdepaPad" failures="0" tests="4" name="testscript.NewsTest" time="40.444" errors="0" timestamp="2026-01-05T22:35:38 IST" skipped="0">
  <testcase classname="testscript.NewsTest" name="addNews" time="9.784"/>
  <testcase classname="testscript.NewsTest" name="reset" time="9.639"/>
  <testcase classname="testscript.NewsTest" name="searchNews" time="10.635"/>
  <testcase classname="testscript.NewsTest" name="returntoHome" time="10.386"/>
</testsuite> <!-- testscript.NewsTest -->
