<?xml version="1.0" encoding="UTF-8"?>
<!-- Generated by org.testng.reporters.JUnitXMLReporter -->
<testsuite ignored="0" hostname="ThejuIdepaPad" failures="0" tests="12" name="Test" time="111.404" errors="0" timestamp="2026-01-05T22:35:38 IST">
  <testcase classname="testscript.HomeTest" name="verifyLogout" time="7.857"/>
  <testcase classname="testscript.AdminTest" name="createAdmin" time="9.273"/>
  <testcase classname="testscript.NewsTest" name="addNews" time="6.172"/>
  <testcase classname="testscript.NewsTest" name="reset" time="5.577"/>
  <testcase classname="testscript.NewsTest" name="returntoHome" time="5.975"/>
  <testcase classname="testscript.NewsTest" name="searchNews" time="6.927"/>
  <testcase classname="testscript.LoginTest" name="verifyLoginwithValidCredentials" time="2.28"/>
  <testcase classname="testscript.LoginTest" name="verifyLoginInvalidUsernameValidPassword" time="1.38"/>
  <testcase classname="testscript.LoginTest" name="verifyLoginValidUsernameInvalidPassword" time="1.504"/>
  <testcase classname="testscript.LoginTest" name="verifyLoginInvalidCredentials" time="1.372"/>
  <testcase classname="testscript.LoginTest" name="verifyLoginInvalidCredentials" time="1.299"/>
  <testcase classname="testscript.LoginTest" name="verifyLoginInvalidCredentials" time="1.375"/>
</testsuite> <!-- Test -->
