<?xml version="1.0" encoding="UTF-8"?>
<!-- Generated by org.testng.reporters.JUnitXMLReporter -->
<testsuite ignored="0" hostname="ThejuIdepaPad" failures="1" tests="12" name="Test" time="316.677" errors="0" timestamp="2025-12-19T20:54:43 IST">
  <testcase classname="testscript.HomeTest" name="verifyLogout" time="12.025"/>
  <testcase classname="testscript.AdminTest" name="createAdmin" time="15.993"/>
  <testcase classname="testscript.NewsTest" name="addNews" time="10.918"/>
  <testcase classname="testscript.NewsTest" name="reset" time="8.727"/>
  <testcase classname="testscript.NewsTest" name="returntoHome" time="8.315"/>
  <testcase classname="testscript.NewsTest" name="searchNews" time="16.373">
    <failure type="org.openqa.selenium.ElementNotInteractableException" message="element not interactable
  (Session info: chrome=143.0.7499.109)
Build info: version: &amp;apos;4.20.0&amp;apos;, revision: &amp;apos;866c76ca80&amp;apos;
System info: os.name: &amp;apos;Windows 11&amp;apos;, os.arch: &amp;apos;amd64&amp;apos;, os.version: &amp;apos;10.0&amp;apos;, java.version: &amp;apos;17.0.12&amp;apos;
Driver info: org.openqa.selenium.chrome.ChromeDriver
Command: [080fcfe1a8974d5c5411bbd0ee51a607, clickElement {id=f.F094B0218D14DE83BF0731B9A1911E3D.d.54E7F46E1AC3658C3068DF23AB8AAE36.e.40}]
Capabilities {acceptInsecureCerts: false, browserName: chrome, browserVersion: 143.0.7499.109, chrome: {chromedriverVersion: 143.0.7499.169 (164b20aab62..., userDataDir: C:\Users\Thejus\AppData\Loc...}, fedcm:accounts: true, goog:chromeOptions: {debuggerAddress: localhost:61757}, goog:processID: 44724, networkConnectionEnabled: false, pageLoadStrategy: normal, platformName: windows, proxy: Proxy(), se:cdp: ws://localhost:61757/devtoo..., se:cdpVersion: 143.0.7499.109, setWindowRect: true, strictFileInteractability: false, timeouts: {implicit: 0, pageLoad: 300000, script: 30000}, unhandledPromptBehavior: dismiss and notify, webauthn:extension:credBlob: true, webauthn:extension:largeBlob: true, webauthn:extension:minPinLength: true, webauthn:extension:prf: true, webauthn:virtualAuthenticators: true}
Element: [[ChromeDriver: chrome on windows (080fcfe1a8974d5c5411bbd0ee51a607)] -&amp;gt; xpath: //button[@class=&amp;apos;btn btn-danger btn-fix&amp;apos;]]
Session ID: 080fcfe1a8974d5c5411bbd0ee51a607">
      <![CDATA[org.openqa.selenium.ElementNotInteractableException: element not interactable
  (Session info: chrome=143.0.7499.109)
Build info: version: '4.20.0', revision: '866c76ca80'
System info: os.name: 'Windows 11', os.arch: 'amd64', os.version: '10.0', java.version: '17.0.12'
Driver info: org.openqa.selenium.chrome.ChromeDriver
Command: [080fcfe1a8974d5c5411bbd0ee51a607, clickElement {id=f.F094B0218D14DE83BF0731B9A1911E3D.d.54E7F46E1AC3658C3068DF23AB8AAE36.e.40}]
Capabilities {acceptInsecureCerts: false, browserName: chrome, browserVersion: 143.0.7499.109, chrome: {chromedriverVersion: 143.0.7499.169 (164b20aab62..., userDataDir: C:\Users\Thejus\AppData\Loc...}, fedcm:accounts: true, goog:chromeOptions: {debuggerAddress: localhost:61757}, goog:processID: 44724, networkConnectionEnabled: false, pageLoadStrategy: normal, platformName: windows, proxy: Proxy(), se:cdp: ws://localhost:61757/devtoo..., se:cdpVersion: 143.0.7499.109, setWindowRect: true, strictFileInteractability: false, timeouts: {implicit: 0, pageLoad: 300000, script: 30000}, unhandledPromptBehavior: dismiss and notify, webauthn:extension:credBlob: true, webauthn:extension:largeBlob: true, webauthn:extension:minPinLength: true, webauthn:extension:prf: true, webauthn:virtualAuthenticators: true}
Element: [[ChromeDriver: chrome on windows (080fcfe1a8974d5c5411bbd0ee51a607)] -> xpath: //button[@class='btn btn-danger btn-fix']]
Session ID: 080fcfe1a8974d5c5411bbd0ee51a607
at org.openqa.selenium.remote.ErrorCodec.decode(ErrorCodec.java:167)
at org.openqa.selenium.remote.codec.w3c.W3CHttpResponseCodec.decode(W3CHttpResponseCodec.java:138)
at org.openqa.selenium.remote.codec.w3c.W3CHttpResponseCodec.decode(W3CHttpResponseCodec.java:50)
at org.openqa.selenium.remote.HttpCommandExecutor.execute(HttpCommandExecutor.java:190)
at org.openqa.selenium.remote.service.DriverCommandExecutor.invokeExecute(DriverCommandExecutor.java:216)
at org.openqa.selenium.remote.service.DriverCommandExecutor.execute(DriverCommandExecutor.java:174)
at org.openqa.selenium.remote.RemoteWebDriver.execute(RemoteWebDriver.java:518)
at org.openqa.selenium.remote.RemoteWebElement.execute(RemoteWebElement.java:223)
at org.openqa.selenium.remote.RemoteWebElement.click(RemoteWebElement.java:76)
at org.openqa.selenium.support.pagefactory.internal.LocatingElementHandler.invoke(LocatingElementHandler.java:51)
at jdk.proxy2/jdk.proxy2.$Proxy19.click(Unknown Source)
at utilities.PageUtility.clickOnElement(PageUtility.java:14)
at pages.NewsPage.searchNews(NewsPage.java:56)
at testscript.NewsTest.searchNews(NewsTest.java:39)
at java.base/java.util.ArrayList.forEach(ArrayList.java:1511)
... Removed 35 stack frames]]>
    </failure>
  </testcase> <!-- searchNews -->
  <testcase classname="testscript.LoginTest" name="verifyLoginwithValidCredentials" time="3.482"/>
  <testcase classname="testscript.LoginTest" name="verifyLoginInvalidUsernameValidPassword" time="2.496"/>
  <testcase classname="testscript.LoginTest" name="verifyLoginValidUsernameInvalidPassword" time="2.559"/>
  <testcase classname="testscript.LoginTest" name="verifyLoginInvalidCredentials" time="2.219"/>
  <testcase classname="testscript.LoginTest" name="verifyLoginInvalidCredentials" time="2.455"/>
  <testcase classname="testscript.LoginTest" name="verifyLoginInvalidCredentials" time="2.106"/>
</testsuite> <!-- Test -->
