<?xml version="1.0" encoding="UTF-8"?>
<!-- Generated by org.testng.reporters.JUnitXMLReporter -->
<testsuite ignored="0" hostname="ThejuIdepaPad" failures="1" tests="12" name="Test" time="94.634" errors="0" timestamp="2025-12-02T09:26:28 IST">
  <testcase classname="testscript.HomeTest" name="verifyLogout" time="5.246"/>
  <testcase classname="testscript.AdminTest" name="createAdmin" time="8.363"/>
  <testcase classname="testscript.NewsTest" name="addNews" time="5.448"/>
  <testcase classname="testscript.NewsTest" name="reset" time="5.366"/>
  <testcase classname="testscript.NewsTest" name="returntoHome" time="4.003"/>
  <testcase classname="testscript.NewsTest" name="searchNews" time="12.957">
    <failure type="org.openqa.selenium.ElementNotInteractableException" message="element not interactable
  (Session info: chrome=142.0.7444.176)
Build info: version: &amp;apos;4.20.0&amp;apos;, revision: &amp;apos;866c76ca80&amp;apos;
System info: os.name: &amp;apos;Windows 11&amp;apos;, os.arch: &amp;apos;amd64&amp;apos;, os.version: &amp;apos;10.0&amp;apos;, java.version: &amp;apos;17.0.12&amp;apos;
Driver info: org.openqa.selenium.chrome.ChromeDriver
Command: [f27870a5c4ec7b99aaf9bb281530dfde, clickElement {id=f.354096EC1F171866F40E4DC9423ED3A5.d.ADA5A82CFF8DBB08D35733EC4C8A4658.e.36}]
Capabilities {acceptInsecureCerts: false, browserName: chrome, browserVersion: 142.0.7444.176, chrome: {chromedriverVersion: 142.0.7444.175 (302067f14a4..., userDataDir: C:\Users\Thejus\AppData\Loc...}, fedcm:accounts: true, goog:chromeOptions: {debuggerAddress: localhost:56877}, goog:processID: 15740, networkConnectionEnabled: false, pageLoadStrategy: normal, platformName: windows, proxy: Proxy(), se:cdp: ws://localhost:56877/devtoo..., se:cdpVersion: 142.0.7444.176, setWindowRect: true, strictFileInteractability: false, timeouts: {implicit: 0, pageLoad: 300000, script: 30000}, unhandledPromptBehavior: dismiss and notify, webauthn:extension:credBlob: true, webauthn:extension:largeBlob: true, webauthn:extension:minPinLength: true, webauthn:extension:prf: true, webauthn:virtualAuthenticators: true}
Element: [[ChromeDriver: chrome on windows (f27870a5c4ec7b99aaf9bb281530dfde)] -&amp;gt; xpath: //button[@class=&amp;apos;btn btn-danger btn-fix&amp;apos;]]
Session ID: f27870a5c4ec7b99aaf9bb281530dfde">
      <![CDATA[org.openqa.selenium.ElementNotInteractableException: element not interactable
  (Session info: chrome=142.0.7444.176)
Build info: version: '4.20.0', revision: '866c76ca80'
System info: os.name: 'Windows 11', os.arch: 'amd64', os.version: '10.0', java.version: '17.0.12'
Driver info: org.openqa.selenium.chrome.ChromeDriver
Command: [f27870a5c4ec7b99aaf9bb281530dfde, clickElement {id=f.354096EC1F171866F40E4DC9423ED3A5.d.ADA5A82CFF8DBB08D35733EC4C8A4658.e.36}]
Capabilities {acceptInsecureCerts: false, browserName: chrome, browserVersion: 142.0.7444.176, chrome: {chromedriverVersion: 142.0.7444.175 (302067f14a4..., userDataDir: C:\Users\Thejus\AppData\Loc...}, fedcm:accounts: true, goog:chromeOptions: {debuggerAddress: localhost:56877}, goog:processID: 15740, networkConnectionEnabled: false, pageLoadStrategy: normal, platformName: windows, proxy: Proxy(), se:cdp: ws://localhost:56877/devtoo..., se:cdpVersion: 142.0.7444.176, setWindowRect: true, strictFileInteractability: false, timeouts: {implicit: 0, pageLoad: 300000, script: 30000}, unhandledPromptBehavior: dismiss and notify, webauthn:extension:credBlob: true, webauthn:extension:largeBlob: true, webauthn:extension:minPinLength: true, webauthn:extension:prf: true, webauthn:virtualAuthenticators: true}
Element: [[ChromeDriver: chrome on windows (f27870a5c4ec7b99aaf9bb281530dfde)] -> xpath: //button[@class='btn btn-danger btn-fix']]
Session ID: f27870a5c4ec7b99aaf9bb281530dfde
at org.openqa.selenium.remote.ErrorCodec.decode(ErrorCodec.java:167)
at org.openqa.selenium.remote.codec.w3c.W3CHttpResponseCodec.decode(W3CHttpResponseCodec.java:138)
at org.openqa.selenium.remote.codec.w3c.W3CHttpResponseCodec.decode(W3CHttpResponseCodec.java:50)
at org.openqa.selenium.remote.HttpCommandExecutor.execute(HttpCommandExecutor.java:190)
at org.openqa.selenium.remote.service.DriverCommandExecutor.invokeExecute(DriverCommandExecutor.java:216)
at org.openqa.selenium.remote.service.DriverCommandExecutor.execute(DriverCommandExecutor.java:174)
at org.openqa.selenium.remote.RemoteWebDriver.execute(RemoteWebDriver.java:518)
at org.openqa.selenium.remote.RemoteWebElement.execute(RemoteWebElement.java:223)
at org.openqa.selenium.remote.RemoteWebElement.click(RemoteWebElement.java:76)
at org.openqa.selenium.support.pagefactory.internal.LocatingElementHandler.invoke(LocatingElementHandler.java:51)
at jdk.proxy2/jdk.proxy2.$Proxy19.click(Unknown Source)
at utilities.PageUtility.clickOnElement(PageUtility.java:14)
at pages.NewsPage.searchNews(NewsPage.java:56)
at testscript.NewsTest.searchNews(NewsTest.java:39)
at java.base/java.util.ArrayList.forEach(ArrayList.java:1511)
... Removed 35 stack frames]]>
    </failure>
  </testcase> <!-- searchNews -->
  <testcase classname="testscript.LoginTest" name="verifyLoginwithValidCredentials" time="2.17"/>
  <testcase classname="testscript.LoginTest" name="verifyLoginInvalidUsernameValidPassword" time="1.518"/>
  <testcase classname="testscript.LoginTest" name="verifyLoginValidUsernameInvalidPassword" time="1.367"/>
  <testcase classname="testscript.LoginTest" name="verifyLoginInvalidCredentials" time="1.022"/>
  <testcase classname="testscript.LoginTest" name="verifyLoginInvalidCredentials" time="0.857"/>
  <testcase classname="testscript.LoginTest" name="verifyLoginInvalidCredentials" time="1.104"/>
</testsuite> <!-- Test -->
