<?xml version="1.0" encoding="UTF-8"?>
<testng-results ignored="0" total="12" passed="12" failed="0" skipped="0">
  <reporter-output>
  </reporter-output>
  <suite started-at="2026-01-05T22:33:46 IST" name="Suite" finished-at="2026-01-05T22:35:37 IST" duration-ms="111404">
    <groups>
      <group name="smoke">
        <method signature="NewsTest.addNews()[pri:0, instance:testscript.NewsTest@50029372]" name="addNews" class="testscript.NewsTest"/>
      </group> <!-- smoke -->
    </groups>
    <test started-at="2026-01-05T22:33:46 IST" name="Test" finished-at="2026-01-05T22:35:37 IST" duration-ms="111404">
      <class name="testscript.NewsTest">
        <test-method is-config="true" signature="initialiseBrowser(java.lang.String)[pri:0, instance:testscript.NewsTest@50029372]" started-at="2026-01-05T22:34:19 IST" name="initialiseBrowser" finished-at="2026-01-05T22:34:23 IST" duration-ms="3303" status="PASS">
          <params>
            <param index="0">
              <value>
                <![CDATA[chrome]]>
              </value>
            </param>
          </params>
          <reporter-output>
          </reporter-output>
        </test-method> <!-- initialiseBrowser -->
        <test-method signature="addNews()[pri:0, instance:testscript.NewsTest@50029372]" started-at="2026-01-05T22:34:23 IST" name="addNews" description="Test case for news addition" finished-at="2026-01-05T22:34:29 IST" duration-ms="6172" status="PASS">
          <reporter-output>
          </reporter-output>
        </test-method> <!-- addNews -->
        <test-method is-config="true" signature="closeBrowser()[pri:0, instance:testscript.NewsTest@50029372]" started-at="2026-01-05T22:34:29 IST" name="closeBrowser" finished-at="2026-01-05T22:34:29 IST" duration-ms="1" status="PASS">
          <reporter-output>
          </reporter-output>
        </test-method> <!-- closeBrowser -->
        <test-method is-config="true" signature="driverQuit(org.testng.ITestResult)[pri:0, instance:testscript.NewsTest@50029372]" started-at="2026-01-05T22:34:29 IST" name="driverQuit" finished-at="2026-01-05T22:34:29 IST" duration-ms="466" status="PASS">
          <params>
            <param index="0">
              <value>
                <![CDATA[[TestResult name=addNews status=SUCCESS method=NewsTest.addNews()[pri:0, instance:testscript.NewsTest@50029372] output={null}]]]>
              </value>
            </param>
          </params>
          <reporter-output>
          </reporter-output>
        </test-method> <!-- driverQuit -->
        <test-method is-config="true" signature="initialiseBrowser(java.lang.String)[pri:0, instance:testscript.NewsTest@50029372]" started-at="2026-01-05T22:34:29 IST" name="initialiseBrowser" finished-at="2026-01-05T22:34:32 IST" duration-ms="3174" status="PASS">
          <params>
            <param index="0">
              <value>
                <![CDATA[chrome]]>
              </value>
            </param>
          </params>
          <reporter-output>
          </reporter-output>
        </test-method> <!-- initialiseBrowser -->
        <test-method signature="reset()[pri:0, instance:testscript.NewsTest@50029372]" started-at="2026-01-05T22:34:32 IST" name="reset" description="Reset" finished-at="2026-01-05T22:34:38 IST" duration-ms="5577" status="PASS">
          <reporter-output>
          </reporter-output>
        </test-method> <!-- reset -->
        <test-method is-config="true" signature="closeBrowser()[pri:0, instance:testscript.NewsTest@50029372]" started-at="2026-01-05T22:34:38 IST" name="closeBrowser" finished-at="2026-01-05T22:34:38 IST" duration-ms="3" status="PASS">
          <reporter-output>
          </reporter-output>
        </test-method> <!-- closeBrowser -->
        <test-method is-config="true" signature="driverQuit(org.testng.ITestResult)[pri:0, instance:testscript.NewsTest@50029372]" started-at="2026-01-05T22:34:38 IST" name="driverQuit" finished-at="2026-01-05T22:34:38 IST" duration-ms="537" status="PASS">
          <params>
            <param index="0">
              <value>
                <![CDATA[[TestResult name=reset status=SUCCESS method=NewsTest.reset()[pri:0, instance:testscript.NewsTest@50029372] output={null}]]]>
              </value>
            </param>
          </params>
          <reporter-output>
          </reporter-output>
        </test-method> <!-- driverQuit -->
        <test-method is-config="true" signature="initialiseBrowser(java.lang.String)[pri:0, instance:testscript.NewsTest@50029372]" started-at="2026-01-05T22:34:39 IST" name="initialiseBrowser" finished-at="2026-01-05T22:34:42 IST" duration-ms="3596" status="PASS">
          <params>
            <param index="0">
              <value>
                <![CDATA[chrome]]>
              </value>
            </param>
          </params>
          <reporter-output>
          </reporter-output>
        </test-method> <!-- initialiseBrowser -->
        <test-method signature="returntoHome()[pri:0, instance:testscript.NewsTest@50029372]" started-at="2026-01-05T22:34:42 IST" name="returntoHome" description="Return to home" finished-at="2026-01-05T22:34:48 IST" duration-ms="5975" status="PASS">
          <reporter-output>
          </reporter-output>
        </test-method> <!-- returntoHome -->
        <test-method is-config="true" signature="closeBrowser()[pri:0, instance:testscript.NewsTest@50029372]" started-at="2026-01-05T22:34:48 IST" name="closeBrowser" finished-at="2026-01-05T22:34:48 IST" duration-ms="1" status="PASS">
          <reporter-output>
          </reporter-output>
        </test-method> <!-- closeBrowser -->
        <test-method is-config="true" signature="driverQuit(org.testng.ITestResult)[pri:0, instance:testscript.NewsTest@50029372]" started-at="2026-01-05T22:34:48 IST" name="driverQuit" finished-at="2026-01-05T22:34:48 IST" duration-ms="404" status="PASS">
          <params>
            <param index="0">
              <value>
                <![CDATA[[TestResult name=returntoHome status=SUCCESS method=NewsTest.returntoHome()[pri:0, instance:testscript.NewsTest@50029372] output={null}]]]>
              </value>
            </param>
          </params>
          <reporter-output>
          </reporter-output>
        </test-method> <!-- driverQuit -->
        <test-method is-config="true" signature="initialiseBrowser(java.lang.String)[pri:0, instance:testscript.NewsTest@50029372]" started-at="2026-01-05T22:34:48 IST" name="initialiseBrowser" finished-at="2026-01-05T22:34:52 IST" duration-ms="3871" status="PASS">
          <params>
            <param index="0">
              <value>
                <![CDATA[chrome]]>
              </value>
            </param>
          </params>
          <reporter-output>
          </reporter-output>
        </test-method> <!-- initialiseBrowser -->
        <test-method signature="searchNews()[pri:0, instance:testscript.NewsTest@50029372]" started-at="2026-01-05T22:34:52 IST" name="searchNews" description="Test case for news search" finished-at="2026-01-05T22:34:59 IST" duration-ms="6927" status="PASS">
          <reporter-output>
          </reporter-output>
        </test-method> <!-- searchNews -->
        <test-method is-config="true" signature="closeBrowser()[pri:0, instance:testscript.NewsTest@50029372]" started-at="2026-01-05T22:34:59 IST" name="closeBrowser" finished-at="2026-01-05T22:34:59 IST" duration-ms="0" status="PASS">
          <reporter-output>
          </reporter-output>
        </test-method> <!-- closeBrowser -->
        <test-method is-config="true" signature="driverQuit(org.testng.ITestResult)[pri:0, instance:testscript.NewsTest@50029372]" started-at="2026-01-05T22:34:59 IST" name="driverQuit" finished-at="2026-01-05T22:35:00 IST" duration-ms="437" status="PASS">
          <params>
            <param index="0">
              <value>
                <![CDATA[[TestResult name=searchNews status=SUCCESS method=NewsTest.searchNews()[pri:0, instance:testscript.NewsTest@50029372] output={null}]]]>
              </value>
            </param>
          </params>
          <reporter-output>
          </reporter-output>
        </test-method> <!-- driverQuit -->
      </class> <!-- testscript.NewsTest -->
      <class name="testscript.HomeTest">
        <test-method is-config="true" signature="initialiseBrowser(java.lang.String)[pri:0, instance:testscript.HomeTest@38145825]" started-at="2026-01-05T22:33:46 IST" name="initialiseBrowser" finished-at="2026-01-05T22:33:57 IST" duration-ms="11574" status="PASS">
          <params>
            <param index="0">
              <value>
                <![CDATA[chrome]]>
              </value>
            </param>
          </params>
          <reporter-output>
          </reporter-output>
        </test-method> <!-- initialiseBrowser -->
        <test-method signature="verifyLogout()[pri:1, instance:testscript.HomeTest@38145825]" started-at="2026-01-05T22:33:57 IST" name="verifyLogout" description="Logout function" finished-at="2026-01-05T22:34:05 IST" duration-ms="7857" status="PASS">
          <reporter-output>
          </reporter-output>
        </test-method> <!-- verifyLogout -->
        <test-method is-config="true" signature="closeBrowser()[pri:0, instance:testscript.HomeTest@38145825]" started-at="2026-01-05T22:34:05 IST" name="closeBrowser" finished-at="2026-01-05T22:34:05 IST" duration-ms="1" status="PASS">
          <reporter-output>
          </reporter-output>
        </test-method> <!-- closeBrowser -->
        <test-method is-config="true" signature="driverQuit(org.testng.ITestResult)[pri:0, instance:testscript.HomeTest@38145825]" started-at="2026-01-05T22:34:05 IST" name="driverQuit" finished-at="2026-01-05T22:34:06 IST" duration-ms="464" status="PASS">
          <params>
            <param index="0">
              <value>
                <![CDATA[[TestResult name=verifyLogout status=SUCCESS method=HomeTest.verifyLogout()[pri:1, instance:testscript.HomeTest@38145825] output={null}]]]>
              </value>
            </param>
          </params>
          <reporter-output>
          </reporter-output>
        </test-method> <!-- driverQuit -->
      </class> <!-- testscript.HomeTest -->
      <class name="testscript.AdminTest">
        <test-method is-config="true" signature="initialiseBrowser(java.lang.String)[pri:0, instance:testscript.AdminTest@18f8cd79]" started-at="2026-01-05T22:34:06 IST" name="initialiseBrowser" finished-at="2026-01-05T22:34:10 IST" duration-ms="3907" status="PASS">
          <params>
            <param index="0">
              <value>
                <![CDATA[chrome]]>
              </value>
            </param>
          </params>
          <reporter-output>
          </reporter-output>
        </test-method> <!-- initialiseBrowser -->
        <test-method signature="createAdmin()[pri:0, instance:testscript.AdminTest@18f8cd79]" started-at="2026-01-05T22:34:10 IST" name="createAdmin" description="To create an Admin user" finished-at="2026-01-05T22:34:19 IST" duration-ms="9273" status="PASS">
          <reporter-output>
          </reporter-output>
        </test-method> <!-- createAdmin -->
        <test-method is-config="true" signature="closeBrowser()[pri:0, instance:testscript.AdminTest@18f8cd79]" started-at="2026-01-05T22:34:19 IST" name="closeBrowser" finished-at="2026-01-05T22:34:19 IST" duration-ms="1" status="PASS">
          <reporter-output>
          </reporter-output>
        </test-method> <!-- closeBrowser -->
        <test-method is-config="true" signature="driverQuit(org.testng.ITestResult)[pri:0, instance:testscript.AdminTest@18f8cd79]" started-at="2026-01-05T22:34:19 IST" name="driverQuit" finished-at="2026-01-05T22:34:19 IST" duration-ms="338" status="PASS">
          <params>
            <param index="0">
              <value>
                <![CDATA[[TestResult name=createAdmin status=SUCCESS method=AdminTest.createAdmin()[pri:0, instance:testscript.AdminTest@18f8cd79] output={null}]]]>
              </value>
            </param>
          </params>
          <reporter-output>
          </reporter-output>
        </test-method> <!-- driverQuit -->
      </class> <!-- testscript.AdminTest -->
      <class name="testscript.LoginTest">
        <test-method is-config="true" signature="initialiseBrowser(java.lang.String)[pri:0, instance:testscript.LoginTest@e3b3b2f]" started-at="2026-01-05T22:35:00 IST" name="initialiseBrowser" finished-at="2026-01-05T22:35:03 IST" duration-ms="3381" status="PASS">
          <params>
            <param index="0">
              <value>
                <![CDATA[chrome]]>
              </value>
            </param>
          </params>
          <reporter-output>
          </reporter-output>
        </test-method> <!-- initialiseBrowser -->
        <test-method signature="verifyLoginwithValidCredentials()[pri:1, instance:testscript.LoginTest@e3b3b2f]" started-at="2026-01-05T22:35:03 IST" name="verifyLoginwithValidCredentials" description="To verify the login using valid credentials" finished-at="2026-01-05T22:35:05 IST" duration-ms="2280" status="PASS">
          <reporter-output>
          </reporter-output>
        </test-method> <!-- verifyLoginwithValidCredentials -->
        <test-method is-config="true" signature="closeBrowser()[pri:0, instance:testscript.LoginTest@e3b3b2f]" started-at="2026-01-05T22:35:05 IST" name="closeBrowser" finished-at="2026-01-05T22:35:05 IST" duration-ms="1" status="PASS">
          <reporter-output>
          </reporter-output>
        </test-method> <!-- closeBrowser -->
        <test-method is-config="true" signature="driverQuit(org.testng.ITestResult)[pri:0, instance:testscript.LoginTest@e3b3b2f]" started-at="2026-01-05T22:35:05 IST" name="driverQuit" finished-at="2026-01-05T22:35:06 IST" duration-ms="471" status="PASS">
          <params>
            <param index="0">
              <value>
                <![CDATA[[TestResult name=verifyLoginwithValidCredentials status=SUCCESS method=LoginTest.verifyLoginwithValidCredentials()[pri:1, instance:testscript.LoginTest@e3b3b2f] output={null}]]]>
              </value>
            </param>
          </params>
          <reporter-output>
          </reporter-output>
        </test-method> <!-- driverQuit -->
        <test-method is-config="true" signature="initialiseBrowser(java.lang.String)[pri:0, instance:testscript.LoginTest@e3b3b2f]" started-at="2026-01-05T22:35:06 IST" name="initialiseBrowser" finished-at="2026-01-05T22:35:10 IST" duration-ms="4193" status="PASS">
          <params>
            <param index="0">
              <value>
                <![CDATA[chrome]]>
              </value>
            </param>
          </params>
          <reporter-output>
          </reporter-output>
        </test-method> <!-- initialiseBrowser -->
        <test-method signature="verifyLoginInvalidUsernameValidPassword()[pri:2, instance:testscript.LoginTest@e3b3b2f]" started-at="2026-01-05T22:35:10 IST" name="verifyLoginInvalidUsernameValidPassword" description="To verify the login using invalid username and valid password" finished-at="2026-01-05T22:35:11 IST" duration-ms="1380" status="PASS">
          <reporter-output>
          </reporter-output>
        </test-method> <!-- verifyLoginInvalidUsernameValidPassword -->
        <test-method is-config="true" signature="closeBrowser()[pri:0, instance:testscript.LoginTest@e3b3b2f]" started-at="2026-01-05T22:35:11 IST" name="closeBrowser" finished-at="2026-01-05T22:35:11 IST" duration-ms="1" status="PASS">
          <reporter-output>
          </reporter-output>
        </test-method> <!-- closeBrowser -->
        <test-method is-config="true" signature="driverQuit(org.testng.ITestResult)[pri:0, instance:testscript.LoginTest@e3b3b2f]" started-at="2026-01-05T22:35:11 IST" name="driverQuit" finished-at="2026-01-05T22:35:12 IST" duration-ms="281" status="PASS">
          <params>
            <param index="0">
              <value>
                <![CDATA[[TestResult name=verifyLoginInvalidUsernameValidPassword status=SUCCESS method=LoginTest.verifyLoginInvalidUsernameValidPassword()[pri:2, instance:testscript.LoginTest@e3b3b2f] output={null}]]]>
              </value>
            </param>
          </params>
          <reporter-output>
          </reporter-output>
        </test-method> <!-- driverQuit -->
        <test-method is-config="true" signature="initialiseBrowser(java.lang.String)[pri:0, instance:testscript.LoginTest@e3b3b2f]" started-at="2026-01-05T22:35:12 IST" name="initialiseBrowser" finished-at="2026-01-05T22:35:15 IST" duration-ms="3557" status="PASS">
          <params>
            <param index="0">
              <value>
                <![CDATA[chrome]]>
              </value>
            </param>
          </params>
          <reporter-output>
          </reporter-output>
        </test-method> <!-- initialiseBrowser -->
        <test-method signature="verifyLoginValidUsernameInvalidPassword()[pri:3, instance:testscript.LoginTest@e3b3b2f]" started-at="2026-01-05T22:35:15 IST" name="verifyLoginValidUsernameInvalidPassword" description="To verify the login using valid username and invalid password" finished-at="2026-01-05T22:35:17 IST" duration-ms="1504" status="PASS">
          <reporter-output>
          </reporter-output>
        </test-method> <!-- verifyLoginValidUsernameInvalidPassword -->
        <test-method is-config="true" signature="driverQuit(org.testng.ITestResult)[pri:0, instance:testscript.LoginTest@e3b3b2f]" started-at="2026-01-05T22:35:17 IST" name="driverQuit" finished-at="2026-01-05T22:35:17 IST" duration-ms="576" status="PASS">
          <params>
            <param index="0">
              <value>
                <![CDATA[[TestResult name=verifyLoginValidUsernameInvalidPassword status=SUCCESS method=LoginTest.verifyLoginValidUsernameInvalidPassword()[pri:3, instance:testscript.LoginTest@e3b3b2f] output={null}]]]>
              </value>
            </param>
          </params>
          <reporter-output>
          </reporter-output>
        </test-method> <!-- driverQuit -->
        <test-method is-config="true" signature="closeBrowser()[pri:0, instance:testscript.LoginTest@e3b3b2f]" started-at="2026-01-05T22:35:17 IST" name="closeBrowser" finished-at="2026-01-05T22:35:17 IST" duration-ms="0" status="PASS">
          <reporter-output>
          </reporter-output>
        </test-method> <!-- closeBrowser -->
        <test-method is-config="true" signature="initialiseBrowser(java.lang.String)[pri:0, instance:testscript.LoginTest@e3b3b2f]" started-at="2026-01-05T22:35:17 IST" name="initialiseBrowser" finished-at="2026-01-05T22:35:22 IST" duration-ms="4245" status="PASS">
          <params>
            <param index="0">
              <value>
                <![CDATA[chrome]]>
              </value>
            </param>
          </params>
          <reporter-output>
          </reporter-output>
        </test-method> <!-- initialiseBrowser -->
        <test-method signature="verifyLoginInvalidCredentials(java.lang.String,java.lang.String)[pri:4, instance:testscript.LoginTest@e3b3b2f]" started-at="2026-01-05T22:35:22 IST" name="verifyLoginInvalidCredentials" description="To verify the login using invalid credentials" data-provider="loginProvider" finished-at="2026-01-05T22:35:23 IST" duration-ms="1372" status="PASS">
          <params>
            <param index="0">
              <value>
                <![CDATA[user]]>
              </value>
            </param>
            <param index="1">
              <value>
                <![CDATA[password]]>
              </value>
            </param>
          </params>
          <reporter-output>
          </reporter-output>
        </test-method> <!-- verifyLoginInvalidCredentials -->
        <test-method is-config="true" signature="closeBrowser()[pri:0, instance:testscript.LoginTest@e3b3b2f]" started-at="2026-01-05T22:35:23 IST" name="closeBrowser" finished-at="2026-01-05T22:35:23 IST" duration-ms="1" status="PASS">
          <reporter-output>
          </reporter-output>
        </test-method> <!-- closeBrowser -->
        <test-method is-config="true" signature="driverQuit(org.testng.ITestResult)[pri:0, instance:testscript.LoginTest@e3b3b2f]" started-at="2026-01-05T22:35:23 IST" name="driverQuit" finished-at="2026-01-05T22:35:23 IST" duration-ms="336" status="PASS">
          <params>
            <param index="0">
              <value>
                <![CDATA[[TestResult name=verifyLoginInvalidCredentials status=SUCCESS method=LoginTest.verifyLoginInvalidCredentials(java.lang.String,java.lang.String)[pri:4, instance:testscript.LoginTest@e3b3b2f] output={null}]]]>
              </value>
            </param>
          </params>
          <reporter-output>
          </reporter-output>
        </test-method> <!-- driverQuit -->
        <test-method is-config="true" signature="initialiseBrowser(java.lang.String)[pri:0, instance:testscript.LoginTest@e3b3b2f]" started-at="2026-01-05T22:35:23 IST" name="initialiseBrowser" finished-at="2026-01-05T22:35:29 IST" duration-ms="5928" status="PASS">
          <params>
            <param index="0">
              <value>
                <![CDATA[chrome]]>
              </value>
            </param>
          </params>
          <reporter-output>
          </reporter-output>
        </test-method> <!-- initialiseBrowser -->
        <test-method signature="verifyLoginInvalidCredentials(java.lang.String,java.lang.String)[pri:4, instance:testscript.LoginTest@e3b3b2f]" started-at="2026-01-05T22:35:29 IST" name="verifyLoginInvalidCredentials" description="To verify the login using invalid credentials" data-provider="loginProvider" finished-at="2026-01-05T22:35:31 IST" duration-ms="1299" status="PASS">
          <params>
            <param index="0">
              <value>
                <![CDATA[username]]>
              </value>
            </param>
            <param index="1">
              <value>
                <![CDATA[pass]]>
              </value>
            </param>
          </params>
          <reporter-output>
          </reporter-output>
        </test-method> <!-- verifyLoginInvalidCredentials -->
        <test-method is-config="true" signature="closeBrowser()[pri:0, instance:testscript.LoginTest@e3b3b2f]" started-at="2026-01-05T22:35:31 IST" name="closeBrowser" finished-at="2026-01-05T22:35:31 IST" duration-ms="1" status="PASS">
          <reporter-output>
          </reporter-output>
        </test-method> <!-- closeBrowser -->
        <test-method is-config="true" signature="driverQuit(org.testng.ITestResult)[pri:0, instance:testscript.LoginTest@e3b3b2f]" started-at="2026-01-05T22:35:31 IST" name="driverQuit" finished-at="2026-01-05T22:35:31 IST" duration-ms="404" status="PASS">
          <params>
            <param index="0">
              <value>
                <![CDATA[[TestResult name=verifyLoginInvalidCredentials status=SUCCESS method=LoginTest.verifyLoginInvalidCredentials(java.lang.String,java.lang.String)[pri:4, instance:testscript.LoginTest@e3b3b2f] output={null}]]]>
              </value>
            </param>
          </params>
          <reporter-output>
          </reporter-output>
        </test-method> <!-- driverQuit -->
        <test-method is-config="true" signature="initialiseBrowser(java.lang.String)[pri:0, instance:testscript.LoginTest@e3b3b2f]" started-at="2026-01-05T22:35:31 IST" name="initialiseBrowser" finished-at="2026-01-05T22:35:35 IST" duration-ms="4441" status="PASS">
          <params>
            <param index="0">
              <value>
                <![CDATA[chrome]]>
              </value>
            </param>
          </params>
          <reporter-output>
          </reporter-output>
        </test-method> <!-- initialiseBrowser -->
        <test-method signature="verifyLoginInvalidCredentials(java.lang.String,java.lang.String)[pri:4, instance:testscript.LoginTest@e3b3b2f]" started-at="2026-01-05T22:35:35 IST" name="verifyLoginInvalidCredentials" description="To verify the login using invalid credentials" data-provider="loginProvider" finished-at="2026-01-05T22:35:37 IST" duration-ms="1375" status="PASS">
          <params>
            <param index="0">
              <value>
                <![CDATA[user]]>
              </value>
            </param>
            <param index="1">
              <value>
                <![CDATA[password]]>
              </value>
            </param>
          </params>
          <reporter-output>
          </reporter-output>
        </test-method> <!-- verifyLoginInvalidCredentials -->
        <test-method is-config="true" signature="closeBrowser()[pri:0, instance:testscript.LoginTest@e3b3b2f]" started-at="2026-01-05T22:35:37 IST" name="closeBrowser" finished-at="2026-01-05T22:35:37 IST" duration-ms="1" status="PASS">
          <reporter-output>
          </reporter-output>
        </test-method> <!-- closeBrowser -->
        <test-method is-config="true" signature="driverQuit(org.testng.ITestResult)[pri:0, instance:testscript.LoginTest@e3b3b2f]" started-at="2026-01-05T22:35:37 IST" name="driverQuit" finished-at="2026-01-05T22:35:37 IST" duration-ms="361" status="PASS">
          <params>
            <param index="0">
              <value>
                <![CDATA[[TestResult name=verifyLoginInvalidCredentials status=SUCCESS method=LoginTest.verifyLoginInvalidCredentials(java.lang.String,java.lang.String)[pri:4, instance:testscript.LoginTest@e3b3b2f] output={null}]]]>
              </value>
            </param>
          </params>
          <reporter-output>
          </reporter-output>
        </test-method> <!-- driverQuit -->
      </class> <!-- testscript.LoginTest -->
    </test> <!-- Test -->
  </suite> <!-- Suite -->
</testng-results>
