<?xml version="1.0" encoding="UTF-8"?>
<testng-results ignored="0" total="12" passed="11" failed="1" skipped="0">
  <reporter-output>
  </reporter-output>
  <suite started-at="2025-11-17T07:43:31 IST" name="Suite" finished-at="2025-11-17T07:45:39 IST" duration-ms="127540">
    <groups>
    </groups>
    <test started-at="2025-11-17T07:43:31 IST" name="Test" finished-at="2025-11-17T07:45:39 IST" duration-ms="127540">
      <class name="testscript.NewsTest">
        <test-method is-config="true" signature="initialiseBrowser()[pri:0, instance:testscript.NewsTest@3b0090a4]" started-at="2025-11-17T07:43:59 IST" name="initialiseBrowser" finished-at="2025-11-17T07:44:03 IST" duration-ms="4291" status="PASS">
          <reporter-output>
          </reporter-output>
        </test-method> <!-- initialiseBrowser -->
        <test-method signature="addNews()[pri:0, instance:testscript.NewsTest@3b0090a4]" started-at="2025-11-17T07:44:03 IST" name="addNews" description="Test case for news addition" finished-at="2025-11-17T07:44:11 IST" duration-ms="7559" status="PASS">
          <reporter-output>
          </reporter-output>
        </test-method> <!-- addNews -->
        <test-method is-config="true" signature="closeBrowser()[pri:0, instance:testscript.NewsTest@3b0090a4]" started-at="2025-11-17T07:44:11 IST" name="closeBrowser" finished-at="2025-11-17T07:44:11 IST" duration-ms="0" status="PASS">
          <reporter-output>
          </reporter-output>
        </test-method> <!-- closeBrowser -->
        <test-method is-config="true" signature="driverQuit(org.testng.ITestResult)[pri:0, instance:testscript.NewsTest@3b0090a4]" started-at="2025-11-17T07:44:11 IST" name="driverQuit" finished-at="2025-11-17T07:44:11 IST" duration-ms="298" status="PASS">
          <params>
            <param index="0">
              <value>
                <![CDATA[[TestResult name=addNews status=SUCCESS method=NewsTest.addNews()[pri:0, instance:testscript.NewsTest@3b0090a4] output={null}]]]>
              </value>
            </param>
          </params>
          <reporter-output>
          </reporter-output>
        </test-method> <!-- driverQuit -->
        <test-method is-config="true" signature="initialiseBrowser()[pri:0, instance:testscript.NewsTest@3b0090a4]" started-at="2025-11-17T07:44:11 IST" name="initialiseBrowser" finished-at="2025-11-17T07:44:15 IST" duration-ms="4091" status="PASS">
          <reporter-output>
          </reporter-output>
        </test-method> <!-- initialiseBrowser -->
        <test-method signature="reset()[pri:0, instance:testscript.NewsTest@3b0090a4]" started-at="2025-11-17T07:44:15 IST" name="reset" description="Reset" finished-at="2025-11-17T07:44:21 IST" duration-ms="5350" status="PASS">
          <reporter-output>
          </reporter-output>
        </test-method> <!-- reset -->
        <test-method is-config="true" signature="closeBrowser()[pri:0, instance:testscript.NewsTest@3b0090a4]" started-at="2025-11-17T07:44:21 IST" name="closeBrowser" finished-at="2025-11-17T07:44:21 IST" duration-ms="6" status="PASS">
          <reporter-output>
          </reporter-output>
        </test-method> <!-- closeBrowser -->
        <test-method is-config="true" signature="driverQuit(org.testng.ITestResult)[pri:0, instance:testscript.NewsTest@3b0090a4]" started-at="2025-11-17T07:44:21 IST" name="driverQuit" finished-at="2025-11-17T07:44:21 IST" duration-ms="361" status="PASS">
          <params>
            <param index="0">
              <value>
                <![CDATA[[TestResult name=reset status=SUCCESS method=NewsTest.reset()[pri:0, instance:testscript.NewsTest@3b0090a4] output={null}]]]>
              </value>
            </param>
          </params>
          <reporter-output>
          </reporter-output>
        </test-method> <!-- driverQuit -->
        <test-method is-config="true" signature="initialiseBrowser()[pri:0, instance:testscript.NewsTest@3b0090a4]" started-at="2025-11-17T07:44:21 IST" name="initialiseBrowser" finished-at="2025-11-17T07:44:26 IST" duration-ms="5319" status="PASS">
          <reporter-output>
          </reporter-output>
        </test-method> <!-- initialiseBrowser -->
        <test-method signature="returntoHome()[pri:0, instance:testscript.NewsTest@3b0090a4]" started-at="2025-11-17T07:44:26 IST" name="returntoHome" description="Return to home" finished-at="2025-11-17T07:44:31 IST" duration-ms="5163" status="PASS">
          <reporter-output>
          </reporter-output>
        </test-method> <!-- returntoHome -->
        <test-method is-config="true" signature="closeBrowser()[pri:0, instance:testscript.NewsTest@3b0090a4]" started-at="2025-11-17T07:44:31 IST" name="closeBrowser" finished-at="2025-11-17T07:44:31 IST" duration-ms="1" status="PASS">
          <reporter-output>
          </reporter-output>
        </test-method> <!-- closeBrowser -->
        <test-method is-config="true" signature="driverQuit(org.testng.ITestResult)[pri:0, instance:testscript.NewsTest@3b0090a4]" started-at="2025-11-17T07:44:31 IST" name="driverQuit" finished-at="2025-11-17T07:44:32 IST" duration-ms="366" status="PASS">
          <params>
            <param index="0">
              <value>
                <![CDATA[[TestResult name=returntoHome status=SUCCESS method=NewsTest.returntoHome()[pri:0, instance:testscript.NewsTest@3b0090a4] output={null}]]]>
              </value>
            </param>
          </params>
          <reporter-output>
          </reporter-output>
        </test-method> <!-- driverQuit -->
        <test-method is-config="true" signature="initialiseBrowser()[pri:0, instance:testscript.NewsTest@3b0090a4]" started-at="2025-11-17T07:44:32 IST" name="initialiseBrowser" finished-at="2025-11-17T07:44:36 IST" duration-ms="4501" status="PASS">
          <reporter-output>
          </reporter-output>
        </test-method> <!-- initialiseBrowser -->
        <test-method signature="searchNews()[pri:0, instance:testscript.NewsTest@3b0090a4]" started-at="2025-11-17T07:44:36 IST" name="searchNews" description="Test case for news search" finished-at="2025-11-17T07:44:50 IST" duration-ms="14033" status="FAIL">
          <exception class="org.openqa.selenium.ElementNotInteractableException">
            <message>
              <![CDATA[element not interactable
  (Session info: chrome=142.0.7444.135)
Build info: version: '4.31.0', revision: '1ef9f18787*'
System info: os.name: 'Windows 11', os.arch: 'amd64', os.version: '10.0', java.version: '21.0.8'
Driver info: org.openqa.selenium.chrome.ChromeDriver
Command: [cb8dd96fdc396a1d80d8f63c66d8fc19, clickElement {id=f.D53B9F8353541B1F42675AF295B1ED62.d.05ED7029E2EDAA416CD1AE954079FA21.e.33}]
Capabilities {acceptInsecureCerts: false, browserName: chrome, browserVersion: 142.0.7444.135, chrome: {chromedriverVersion: 142.0.7444.162 (c076baf266c..., userDataDir: C:\Users\Thejus\AppData\Loc...}, fedcm:accounts: true, goog:chromeOptions: {debuggerAddress: localhost:55058}, goog:processID: 17132, networkConnectionEnabled: false, pageLoadStrategy: normal, platformName: windows, proxy: Proxy(), se:cdp: ws://localhost:55058/devtoo..., se:cdpVersion: 142.0.7444.135, setWindowRect: true, strictFileInteractability: false, timeouts: {implicit: 0, pageLoad: 300000, script: 30000}, unhandledPromptBehavior: dismiss and notify, webauthn:extension:credBlob: true, webauthn:extension:largeBlob: true, webauthn:extension:minPinLength: true, webauthn:extension:prf: true, webauthn:virtualAuthenticators: true}
Element: [[ChromeDriver: chrome on windows (cb8dd96fdc396a1d80d8f63c66d8fc19)] -> xpath: //button[@class='btn btn-danger btn-fix']]
Session ID: cb8dd96fdc396a1d80d8f63c66d8fc19]]>
            </message>
            <full-stacktrace>
              <![CDATA[org.openqa.selenium.ElementNotInteractableException: element not interactable
  (Session info: chrome=142.0.7444.135)
Build info: version: '4.31.0', revision: '1ef9f18787*'
System info: os.name: 'Windows 11', os.arch: 'amd64', os.version: '10.0', java.version: '21.0.8'
Driver info: org.openqa.selenium.chrome.ChromeDriver
Command: [cb8dd96fdc396a1d80d8f63c66d8fc19, clickElement {id=f.D53B9F8353541B1F42675AF295B1ED62.d.05ED7029E2EDAA416CD1AE954079FA21.e.33}]
Capabilities {acceptInsecureCerts: false, browserName: chrome, browserVersion: 142.0.7444.135, chrome: {chromedriverVersion: 142.0.7444.162 (c076baf266c..., userDataDir: C:\Users\Thejus\AppData\Loc...}, fedcm:accounts: true, goog:chromeOptions: {debuggerAddress: localhost:55058}, goog:processID: 17132, networkConnectionEnabled: false, pageLoadStrategy: normal, platformName: windows, proxy: Proxy(), se:cdp: ws://localhost:55058/devtoo..., se:cdpVersion: 142.0.7444.135, setWindowRect: true, strictFileInteractability: false, timeouts: {implicit: 0, pageLoad: 300000, script: 30000}, unhandledPromptBehavior: dismiss and notify, webauthn:extension:credBlob: true, webauthn:extension:largeBlob: true, webauthn:extension:minPinLength: true, webauthn:extension:prf: true, webauthn:virtualAuthenticators: true}
Element: [[ChromeDriver: chrome on windows (cb8dd96fdc396a1d80d8f63c66d8fc19)] -> xpath: //button[@class='btn btn-danger btn-fix']]
Session ID: cb8dd96fdc396a1d80d8f63c66d8fc19
at java.base/jdk.internal.reflect.DirectConstructorHandleAccessor.newInstance(DirectConstructorHandleAccessor.java:62)
at java.base/java.lang.reflect.Constructor.newInstanceWithCaller(Constructor.java:502)
at java.base/java.lang.reflect.Constructor.newInstance(Constructor.java:486)
at org.openqa.selenium.remote.ErrorCodec.decode(ErrorCodec.java:167)
at org.openqa.selenium.remote.codec.w3c.W3CHttpResponseCodec.decode(W3CHttpResponseCodec.java:138)
at org.openqa.selenium.remote.codec.w3c.W3CHttpResponseCodec.decode(W3CHttpResponseCodec.java:50)
at org.openqa.selenium.remote.HttpCommandExecutor.execute(HttpCommandExecutor.java:215)
at org.openqa.selenium.remote.service.DriverCommandExecutor.invokeExecute(DriverCommandExecutor.java:216)
at org.openqa.selenium.remote.service.DriverCommandExecutor.execute(DriverCommandExecutor.java:174)
at org.openqa.selenium.remote.RemoteWebDriver.execute(RemoteWebDriver.java:545)
at org.openqa.selenium.remote.RemoteWebElement.execute(RemoteWebElement.java:223)
at org.openqa.selenium.remote.RemoteWebElement.click(RemoteWebElement.java:76)
at java.base/jdk.internal.reflect.DirectMethodHandleAccessor.invoke(DirectMethodHandleAccessor.java:103)
at java.base/java.lang.reflect.Method.invoke(Method.java:580)
at org.openqa.selenium.support.pagefactory.internal.LocatingElementHandler.invoke(LocatingElementHandler.java:51)
at jdk.proxy2/jdk.proxy2.$Proxy13.click(Unknown Source)
at pages.NewsPage.searchNews(NewsPage.java:53)
at testscript.NewsTest.searchNews(NewsTest.java:41)
at java.base/jdk.internal.reflect.DirectMethodHandleAccessor.invoke(DirectMethodHandleAccessor.java:103)
at java.base/java.lang.reflect.Method.invoke(Method.java:580)
at org.testng.internal.invokers.MethodInvocationHelper.invokeMethod(MethodInvocationHelper.java:141)
at org.testng.internal.invokers.TestInvoker.invokeMethod(TestInvoker.java:686)
at org.testng.internal.invokers.TestInvoker.invokeTestMethod(TestInvoker.java:230)
at org.testng.internal.invokers.MethodRunner.runInSequence(MethodRunner.java:63)
at org.testng.internal.invokers.TestInvoker$MethodInvocationAgent.invoke(TestInvoker.java:992)
at org.testng.internal.invokers.TestInvoker.invokeTestMethods(TestInvoker.java:203)
at org.testng.internal.invokers.TestMethodWorker.invokeTestMethods(TestMethodWorker.java:154)
at org.testng.internal.invokers.TestMethodWorker.run(TestMethodWorker.java:134)
at java.base/java.util.ArrayList.forEach(ArrayList.java:1596)
at org.testng.TestRunner.privateRun(TestRunner.java:739)
at org.testng.TestRunner.run(TestRunner.java:614)
at org.testng.SuiteRunner.runTest(SuiteRunner.java:421)
at org.testng.SuiteRunner.runSequentially(SuiteRunner.java:413)
at org.testng.SuiteRunner.privateRun(SuiteRunner.java:373)
at org.testng.SuiteRunner.run(SuiteRunner.java:312)
at org.testng.SuiteRunnerWorker.runSuite(SuiteRunnerWorker.java:52)
at org.testng.SuiteRunnerWorker.run(SuiteRunnerWorker.java:95)
at org.testng.TestNG.runSuitesSequentially(TestNG.java:1274)
at org.testng.TestNG.runSuitesLocally(TestNG.java:1208)
at org.testng.TestNG.runSuites(TestNG.java:1112)
at org.testng.TestNG.run(TestNG.java:1079)
at org.testng.remote.AbstractRemoteTestNG.run(AbstractRemoteTestNG.java:115)
at org.testng.remote.RemoteTestNG.initAndRun(RemoteTestNG.java:293)
at org.testng.remote.RemoteTestNG.main(RemoteTestNG.java:91)
]]>
            </full-stacktrace>
          </exception> <!-- org.openqa.selenium.ElementNotInteractableException -->
          <reporter-output>
          </reporter-output>
        </test-method> <!-- searchNews -->
        <test-method is-config="true" signature="closeBrowser()[pri:0, instance:testscript.NewsTest@3b0090a4]" started-at="2025-11-17T07:44:50 IST" name="closeBrowser" finished-at="2025-11-17T07:44:50 IST" duration-ms="6" status="PASS">
          <reporter-output>
          </reporter-output>
        </test-method> <!-- closeBrowser -->
        <test-method is-config="true" signature="driverQuit(org.testng.ITestResult)[pri:0, instance:testscript.NewsTest@3b0090a4]" started-at="2025-11-17T07:44:50 IST" name="driverQuit" finished-at="2025-11-17T07:44:52 IST" duration-ms="1332" status="PASS">
          <params>
            <param index="0">
              <value>
                <![CDATA[[TestResult name=searchNews status=FAILURE method=NewsTest.searchNews()[pri:0, instance:testscript.NewsTest@3b0090a4] output={null}]]]>
              </value>
            </param>
          </params>
          <reporter-output>
          </reporter-output>
        </test-method> <!-- driverQuit -->
      </class> <!-- testscript.NewsTest -->
      <class name="testscript.HomeTest">
        <test-method is-config="true" signature="initialiseBrowser()[pri:0, instance:testscript.HomeTest@5fe94a96]" started-at="2025-11-17T07:43:31 IST" name="initialiseBrowser" finished-at="2025-11-17T07:43:36 IST" duration-ms="4876" status="PASS">
          <reporter-output>
          </reporter-output>
        </test-method> <!-- initialiseBrowser -->
        <test-method signature="verifyLogout()[pri:1, instance:testscript.HomeTest@5fe94a96]" started-at="2025-11-17T07:43:36 IST" name="verifyLogout" description="Logout function" finished-at="2025-11-17T07:43:42 IST" duration-ms="5819" status="PASS">
          <reporter-output>
          </reporter-output>
        </test-method> <!-- verifyLogout -->
        <test-method is-config="true" signature="closeBrowser()[pri:0, instance:testscript.HomeTest@5fe94a96]" started-at="2025-11-17T07:43:42 IST" name="closeBrowser" finished-at="2025-11-17T07:43:42 IST" duration-ms="1" status="PASS">
          <reporter-output>
          </reporter-output>
        </test-method> <!-- closeBrowser -->
        <test-method is-config="true" signature="driverQuit(org.testng.ITestResult)[pri:0, instance:testscript.HomeTest@5fe94a96]" started-at="2025-11-17T07:43:42 IST" name="driverQuit" finished-at="2025-11-17T07:43:42 IST" duration-ms="388" status="PASS">
          <params>
            <param index="0">
              <value>
                <![CDATA[[TestResult name=verifyLogout status=SUCCESS method=HomeTest.verifyLogout()[pri:1, instance:testscript.HomeTest@5fe94a96] output={null}]]]>
              </value>
            </param>
          </params>
          <reporter-output>
          </reporter-output>
        </test-method> <!-- driverQuit -->
      </class> <!-- testscript.HomeTest -->
      <class name="testscript.AdminTest">
        <test-method is-config="true" signature="initialiseBrowser()[pri:0, instance:testscript.AdminTest@179ece50]" started-at="2025-11-17T07:43:42 IST" name="initialiseBrowser" finished-at="2025-11-17T07:43:45 IST" duration-ms="2955" status="PASS">
          <reporter-output>
          </reporter-output>
        </test-method> <!-- initialiseBrowser -->
        <test-method signature="createAdmin()[pri:0, instance:testscript.AdminTest@179ece50]" started-at="2025-11-17T07:43:45 IST" name="createAdmin" description="To create an Admin user" finished-at="2025-11-17T07:43:56 IST" duration-ms="10996" status="PASS">
          <reporter-output>
          </reporter-output>
        </test-method> <!-- createAdmin -->
        <test-method is-config="true" signature="closeBrowser()[pri:0, instance:testscript.AdminTest@179ece50]" started-at="2025-11-17T07:43:56 IST" name="closeBrowser" finished-at="2025-11-17T07:43:56 IST" duration-ms="1" status="PASS">
          <reporter-output>
          </reporter-output>
        </test-method> <!-- closeBrowser -->
        <test-method is-config="true" signature="driverQuit(org.testng.ITestResult)[pri:0, instance:testscript.AdminTest@179ece50]" started-at="2025-11-17T07:43:56 IST" name="driverQuit" finished-at="2025-11-17T07:43:59 IST" duration-ms="2662" status="PASS">
          <params>
            <param index="0">
              <value>
                <![CDATA[[TestResult name=createAdmin status=SUCCESS method=AdminTest.createAdmin()[pri:0, instance:testscript.AdminTest@179ece50] output={null}]]]>
              </value>
            </param>
          </params>
          <reporter-output>
          </reporter-output>
        </test-method> <!-- driverQuit -->
      </class> <!-- testscript.AdminTest -->
      <class name="testscript.LoginTest">
        <test-method is-config="true" signature="initialiseBrowser()[pri:0, instance:testscript.LoginTest@3cd3e762]" started-at="2025-11-17T07:44:52 IST" name="initialiseBrowser" finished-at="2025-11-17T07:44:58 IST" duration-ms="6516" status="PASS">
          <reporter-output>
          </reporter-output>
        </test-method> <!-- initialiseBrowser -->
        <test-method signature="verifyLoginwithValidCredentials()[pri:1, instance:testscript.LoginTest@3cd3e762]" started-at="2025-11-17T07:44:58 IST" name="verifyLoginwithValidCredentials" description="To verify the login using valid credentials" finished-at="2025-11-17T07:45:02 IST" duration-ms="3997" status="PASS">
          <reporter-output>
          </reporter-output>
        </test-method> <!-- verifyLoginwithValidCredentials -->
        <test-method is-config="true" signature="closeBrowser()[pri:0, instance:testscript.LoginTest@3cd3e762]" started-at="2025-11-17T07:45:02 IST" name="closeBrowser" finished-at="2025-11-17T07:45:02 IST" duration-ms="2" status="PASS">
          <reporter-output>
          </reporter-output>
        </test-method> <!-- closeBrowser -->
        <test-method is-config="true" signature="driverQuit(org.testng.ITestResult)[pri:0, instance:testscript.LoginTest@3cd3e762]" started-at="2025-11-17T07:45:02 IST" name="driverQuit" finished-at="2025-11-17T07:45:03 IST" duration-ms="835" status="PASS">
          <params>
            <param index="0">
              <value>
                <![CDATA[[TestResult name=verifyLoginwithValidCredentials status=SUCCESS method=LoginTest.verifyLoginwithValidCredentials()[pri:1, instance:testscript.LoginTest@3cd3e762] output={null}]]]>
              </value>
            </param>
          </params>
          <reporter-output>
          </reporter-output>
        </test-method> <!-- driverQuit -->
        <test-method is-config="true" signature="initialiseBrowser()[pri:0, instance:testscript.LoginTest@3cd3e762]" started-at="2025-11-17T07:45:03 IST" name="initialiseBrowser" finished-at="2025-11-17T07:45:08 IST" duration-ms="4925" status="PASS">
          <reporter-output>
          </reporter-output>
        </test-method> <!-- initialiseBrowser -->
        <test-method signature="verifyLoginInvalidUsernameValidPassword()[pri:2, instance:testscript.LoginTest@3cd3e762]" started-at="2025-11-17T07:45:08 IST" name="verifyLoginInvalidUsernameValidPassword" description="To verify the login using invalid username and valid password" finished-at="2025-11-17T07:45:10 IST" duration-ms="1891" status="PASS">
          <reporter-output>
          </reporter-output>
        </test-method> <!-- verifyLoginInvalidUsernameValidPassword -->
        <test-method is-config="true" signature="driverQuit(org.testng.ITestResult)[pri:0, instance:testscript.LoginTest@3cd3e762]" started-at="2025-11-17T07:45:10 IST" name="driverQuit" finished-at="2025-11-17T07:45:11 IST" duration-ms="978" status="PASS">
          <params>
            <param index="0">
              <value>
                <![CDATA[[TestResult name=verifyLoginInvalidUsernameValidPassword status=SUCCESS method=LoginTest.verifyLoginInvalidUsernameValidPassword()[pri:2, instance:testscript.LoginTest@3cd3e762] output={null}]]]>
              </value>
            </param>
          </params>
          <reporter-output>
          </reporter-output>
        </test-method> <!-- driverQuit -->
        <test-method is-config="true" signature="closeBrowser()[pri:0, instance:testscript.LoginTest@3cd3e762]" started-at="2025-11-17T07:45:10 IST" name="closeBrowser" finished-at="2025-11-17T07:45:10 IST" duration-ms="0" status="PASS">
          <reporter-output>
          </reporter-output>
        </test-method> <!-- closeBrowser -->
        <test-method is-config="true" signature="initialiseBrowser()[pri:0, instance:testscript.LoginTest@3cd3e762]" started-at="2025-11-17T07:45:11 IST" name="initialiseBrowser" finished-at="2025-11-17T07:45:16 IST" duration-ms="5177" status="PASS">
          <reporter-output>
          </reporter-output>
        </test-method> <!-- initialiseBrowser -->
        <test-method signature="verifyLoginValidUsernameInvalidPassword()[pri:3, instance:testscript.LoginTest@3cd3e762]" started-at="2025-11-17T07:45:16 IST" name="verifyLoginValidUsernameInvalidPassword" description="To verify the login using valid username and invalid password" finished-at="2025-11-17T07:45:18 IST" duration-ms="1798" status="PASS">
          <reporter-output>
          </reporter-output>
        </test-method> <!-- verifyLoginValidUsernameInvalidPassword -->
        <test-method is-config="true" signature="closeBrowser()[pri:0, instance:testscript.LoginTest@3cd3e762]" started-at="2025-11-17T07:45:18 IST" name="closeBrowser" finished-at="2025-11-17T07:45:18 IST" duration-ms="1" status="PASS">
          <reporter-output>
          </reporter-output>
        </test-method> <!-- closeBrowser -->
        <test-method is-config="true" signature="driverQuit(org.testng.ITestResult)[pri:0, instance:testscript.LoginTest@3cd3e762]" started-at="2025-11-17T07:45:18 IST" name="driverQuit" finished-at="2025-11-17T07:45:19 IST" duration-ms="766" status="PASS">
          <params>
            <param index="0">
              <value>
                <![CDATA[[TestResult name=verifyLoginValidUsernameInvalidPassword status=SUCCESS method=LoginTest.verifyLoginValidUsernameInvalidPassword()[pri:3, instance:testscript.LoginTest@3cd3e762] output={null}]]]>
              </value>
            </param>
          </params>
          <reporter-output>
          </reporter-output>
        </test-method> <!-- driverQuit -->
        <test-method is-config="true" signature="initialiseBrowser()[pri:0, instance:testscript.LoginTest@3cd3e762]" started-at="2025-11-17T07:45:19 IST" name="initialiseBrowser" finished-at="2025-11-17T07:45:24 IST" duration-ms="5529" status="PASS">
          <reporter-output>
          </reporter-output>
        </test-method> <!-- initialiseBrowser -->
        <test-method signature="verifyLoginInvalidCredentials(java.lang.String,java.lang.String)[pri:4, instance:testscript.LoginTest@3cd3e762]" started-at="2025-11-17T07:45:24 IST" name="verifyLoginInvalidCredentials" description="To verify the login using invalid credentials" data-provider="loginProvider" finished-at="2025-11-17T07:45:26 IST" duration-ms="1662" status="PASS">
          <params>
            <param index="0">
              <value>
                <![CDATA[user]]>
              </value>
            </param>
            <param index="1">
              <value>
                <![CDATA[password]]>
              </value>
            </param>
          </params>
          <reporter-output>
          </reporter-output>
        </test-method> <!-- verifyLoginInvalidCredentials -->
        <test-method is-config="true" signature="closeBrowser()[pri:0, instance:testscript.LoginTest@3cd3e762]" started-at="2025-11-17T07:45:26 IST" name="closeBrowser" finished-at="2025-11-17T07:45:26 IST" duration-ms="0" status="PASS">
          <reporter-output>
          </reporter-output>
        </test-method> <!-- closeBrowser -->
        <test-method is-config="true" signature="driverQuit(org.testng.ITestResult)[pri:0, instance:testscript.LoginTest@3cd3e762]" started-at="2025-11-17T07:45:26 IST" name="driverQuit" finished-at="2025-11-17T07:45:27 IST" duration-ms="772" status="PASS">
          <params>
            <param index="0">
              <value>
                <![CDATA[[TestResult name=verifyLoginInvalidCredentials status=SUCCESS method=LoginTest.verifyLoginInvalidCredentials(java.lang.String,java.lang.String)[pri:4, instance:testscript.LoginTest@3cd3e762] output={null}]]]>
              </value>
            </param>
          </params>
          <reporter-output>
          </reporter-output>
        </test-method> <!-- driverQuit -->
        <test-method is-config="true" signature="initialiseBrowser()[pri:0, instance:testscript.LoginTest@3cd3e762]" started-at="2025-11-17T07:45:27 IST" name="initialiseBrowser" finished-at="2025-11-17T07:45:32 IST" duration-ms="5030" status="PASS">
          <reporter-output>
          </reporter-output>
        </test-method> <!-- initialiseBrowser -->
        <test-method signature="verifyLoginInvalidCredentials(java.lang.String,java.lang.String)[pri:4, instance:testscript.LoginTest@3cd3e762]" started-at="2025-11-17T07:45:32 IST" name="verifyLoginInvalidCredentials" description="To verify the login using invalid credentials" data-provider="loginProvider" finished-at="2025-11-17T07:45:33 IST" duration-ms="1516" status="PASS">
          <params>
            <param index="0">
              <value>
                <![CDATA[username]]>
              </value>
            </param>
            <param index="1">
              <value>
                <![CDATA[pass]]>
              </value>
            </param>
          </params>
          <reporter-output>
          </reporter-output>
        </test-method> <!-- verifyLoginInvalidCredentials -->
        <test-method is-config="true" signature="closeBrowser()[pri:0, instance:testscript.LoginTest@3cd3e762]" started-at="2025-11-17T07:45:33 IST" name="closeBrowser" finished-at="2025-11-17T07:45:33 IST" duration-ms="1" status="PASS">
          <reporter-output>
          </reporter-output>
        </test-method> <!-- closeBrowser -->
        <test-method is-config="true" signature="driverQuit(org.testng.ITestResult)[pri:0, instance:testscript.LoginTest@3cd3e762]" started-at="2025-11-17T07:45:33 IST" name="driverQuit" finished-at="2025-11-17T07:45:34 IST" duration-ms="405" status="PASS">
          <params>
            <param index="0">
              <value>
                <![CDATA[[TestResult name=verifyLoginInvalidCredentials status=SUCCESS method=LoginTest.verifyLoginInvalidCredentials(java.lang.String,java.lang.String)[pri:4, instance:testscript.LoginTest@3cd3e762] output={null}]]]>
              </value>
            </param>
          </params>
          <reporter-output>
          </reporter-output>
        </test-method> <!-- driverQuit -->
        <test-method is-config="true" signature="initialiseBrowser()[pri:0, instance:testscript.LoginTest@3cd3e762]" started-at="2025-11-17T07:45:34 IST" name="initialiseBrowser" finished-at="2025-11-17T07:45:37 IST" duration-ms="3567" status="PASS">
          <reporter-output>
          </reporter-output>
        </test-method> <!-- initialiseBrowser -->
        <test-method signature="verifyLoginInvalidCredentials(java.lang.String,java.lang.String)[pri:4, instance:testscript.LoginTest@3cd3e762]" started-at="2025-11-17T07:45:37 IST" name="verifyLoginInvalidCredentials" description="To verify the login using invalid credentials" data-provider="loginProvider" finished-at="2025-11-17T07:45:38 IST" duration-ms="1376" status="PASS">
          <params>
            <param index="0">
              <value>
                <![CDATA[user]]>
              </value>
            </param>
            <param index="1">
              <value>
                <![CDATA[password]]>
              </value>
            </param>
          </params>
          <reporter-output>
          </reporter-output>
        </test-method> <!-- verifyLoginInvalidCredentials -->
        <test-method is-config="true" signature="closeBrowser()[pri:0, instance:testscript.LoginTest@3cd3e762]" started-at="2025-11-17T07:45:38 IST" name="closeBrowser" finished-at="2025-11-17T07:45:38 IST" duration-ms="1" status="PASS">
          <reporter-output>
          </reporter-output>
        </test-method> <!-- closeBrowser -->
        <test-method is-config="true" signature="driverQuit(org.testng.ITestResult)[pri:0, instance:testscript.LoginTest@3cd3e762]" started-at="2025-11-17T07:45:38 IST" name="driverQuit" finished-at="2025-11-17T07:45:39 IST" duration-ms="243" status="PASS">
          <params>
            <param index="0">
              <value>
                <![CDATA[[TestResult name=verifyLoginInvalidCredentials status=SUCCESS method=LoginTest.verifyLoginInvalidCredentials(java.lang.String,java.lang.String)[pri:4, instance:testscript.LoginTest@3cd3e762] output={null}]]]>
              </value>
            </param>
          </params>
          <reporter-output>
          </reporter-output>
        </test-method> <!-- driverQuit -->
      </class> <!-- testscript.LoginTest -->
    </test> <!-- Test -->
  </suite> <!-- Suite -->
</testng-results>
