<?xml version="1.0" encoding="UTF-8"?>
<testng-results ignored="0" total="1" passed="1" failed="0" skipped="0">
  <reporter-output>
  </reporter-output>
  <suite started-at="2025-11-18T08:19:44 IST" name="Grouping" finished-at="2025-11-18T08:19:55 IST" duration-ms="10868">
    <groups>
      <group name="smoke">
        <method signature="NewsTest.addNews()[pri:0, instance:testscript.NewsTest@3e694b3f]" name="addNews" class="testscript.NewsTest"/>
      </group> <!-- smoke -->
    </groups>
    <test started-at="2025-11-18T08:19:44 IST" name="Test" finished-at="2025-11-18T08:19:55 IST" duration-ms="10868">
      <class name="testscript.NewsTest">
        <test-method is-config="true" signature="initialiseBrowser()[pri:0, instance:testscript.NewsTest@3e694b3f]" started-at="2025-11-18T08:19:44 IST" name="initialiseBrowser" finished-at="2025-11-18T08:19:48 IST" duration-ms="3662" status="PASS">
          <reporter-output>
          </reporter-output>
        </test-method> <!-- initialiseBrowser -->
        <test-method signature="addNews()[pri:0, instance:testscript.NewsTest@3e694b3f]" started-at="2025-11-18T08:19:48 IST" name="addNews" description="Test case for news addition" finished-at="2025-11-18T08:19:55 IST" duration-ms="6780" status="PASS">
          <reporter-output>
          </reporter-output>
        </test-method> <!-- addNews -->
        <test-method is-config="true" signature="driverQuit(org.testng.ITestResult)[pri:0, instance:testscript.NewsTest@3e694b3f]" started-at="2025-11-18T08:19:55 IST" name="driverQuit" finished-at="2025-11-18T08:19:55 IST" duration-ms="372" status="PASS">
          <params>
            <param index="0">
              <value>
                <![CDATA[[TestResult name=addNews status=SUCCESS method=NewsTest.addNews()[pri:0, instance:testscript.NewsTest@3e694b3f] output={null}]]]>
              </value>
            </param>
          </params>
          <reporter-output>
          </reporter-output>
        </test-method> <!-- driverQuit -->
      </class> <!-- testscript.NewsTest -->
    </test> <!-- Test -->
  </suite> <!-- Grouping -->
</testng-results>
